"../../../FFCC/Content/ItemDatabase.uasset" 0
"../../../FFCC/Content/BP_Extensions/BP_FFCCGameMode.uasset" 1
"../../../FFCC/Content/Mannequin/Character/Mesh/UE4_Mannequin_Skeleton.uasset" 2
"../../../FFCC/Content/Mannequin/Animations/ThirdPerson_Jump.uasset" 3
"../../../FFCC/Content/Mannequin/Animations/ThirdPersonJump_Loop.uasset" 4
"../../../FFCC/Content/Mannequin/Animations/ThirdPersonJump_Start.uasset" 5
"../../../FFCC/Content/Mannequin/Animations/ThirdPersonIdle.uasset" 6
"../../../FFCC/Content/Mannequin/Animations/ThirdPersonRun.uasset" 7
"../../../FFCC/Content/Mannequin/Animations/ThirdPersonWalk.uasset" 8
"../../../FFCC/Content/Mannequin/Animations/ThirdPerson_IdleRun_2D.uasset" 9
"../../../Engine/Content/EditorBlueprintResources/StandardMacros.uasset" 10
"../../../FFCC/Content/Mannequin/Animations/ThirdPerson_AnimBP.uasset" 11
"../../../FFCC/Content/GameData/InventoryDataAsset.uasset" 12
"../../../Engine/Content/Functions/Engine_MaterialFunctions02/Utility/BlendAngleCorrectedNormals.uasset" 13
"../../../Engine/Content/Functions/MaterialLayerFunctions/MatLayerBlend_NormalBlend.uasset" 14
"../../../Engine/Content/Functions/MaterialLayerFunctions/MatLayerBlend_Simple.uasset" 15
"../../../FFCC/Content/Mannequin/Character/Materials/MaterialLayers/T_ML_Rubber_Blue_01_D.uasset" 16
"../../../FFCC/Content/Mannequin/Character/Materials/MaterialLayers/T_ML_Rubber_Blue_01_N.uasset" 17
"../../../FFCC/Content/Mannequin/Character/Materials/MaterialLayers/ML_GlossyBlack_Latex_UE4.uasset" 18
"../../../FFCC/Content/Mannequin/Character/Materials/MaterialLayers/ML_Plastic_Shiny_Beige.uasset" 19
"../../../FFCC/Content/Mannequin/Character/Textures/UE4_LOGO_CARD.uasset" 20
"../../../FFCC/Content/Mannequin/Character/Materials/MaterialLayers/ML_Plastic_Shiny_Beige_LOGO.uasset" 21
"../../../FFCC/Content/Mannequin/Character/Materials/MaterialLayers/T_ML_Aluminum01.uasset" 22
"../../../FFCC/Content/Mannequin/Character/Materials/MaterialLayers/T_ML_Aluminum01_N.uasset" 23
"../../../FFCC/Content/Mannequin/Character/Materials/MaterialLayers/ML_SoftMetal_UE4.uasset" 24
"../../../FFCC/Content/Mannequin/Character/Textures/UE4_Mannequin__normals.uasset" 25
"../../../FFCC/Content/Mannequin/Character/Textures/UE4_Mannequin_MAT_MASKA.uasset" 26
"../../../FFCC/Content/Mannequin/Character/Materials/M_UE4Man_Body.uasset" 27
"../../../FFCC/Content/Mannequin/Character/Textures/UE4Man_Logo_N.uasset" 28
"../../../FFCC/Content/Mannequin/Character/Materials/M_UE4Man_ChestLogo.uasset" 29
"../../../FFCC/Content/Mannequin/Character/Mesh/SK_Mannequin_PhysicsAsset.uasset" 30
"../../../FFCC/Content/Mannequin/Character/Mesh/SK_Mannequin.uasset" 31
"../../../FFCC/Content/BP_Extensions/Player/BP_MyFFCCCharacter.uasset" 32
"../../../FFCC/Content/BP_Extensions/GameMode/BP_FFCCGameMode.uasset" 33
"../../../FFCC/Content/Geometry/Meshes/CubeMaterial.uasset" 34
"../../../FFCC/Content/Geometry/Meshes/1M_Cube.uasset" 35
"../../../FFCC/Content/BP_Extensions/Items/Food/BP_BannockBread.uasset" 36
"../../../FFCC/Content/BP_Extensions/Items/Food/BP_CherryCluster.uasset" 37
"../../../FFCC/Content/BP_Extensions/Items/Food/BP_fish.uasset" 38
"../../../FFCC/Content/BP_Extensions/Items/Food/BP_Flour.uasset" 39
"../../../FFCC/Content/BP_Extensions/Items/Food/BP_Meat.uasset" 40
"../../../FFCC/Content/BP_Extensions/Items/Food/BP_Milk.uasset" 41
"../../../FFCC/Content/BP_Extensions/Items/Food/BP_RainbowGrapes.uasset" 42
"../../../FFCC/Content/BP_Extensions/Items/Food/BP_RoundCorn.uasset" 43
"../../../FFCC/Content/BP_Extensions/Items/Food/BP_SpringWater.uasset" 44
"../../../FFCC/Content/BP_Extensions/Items/Food/BP_StarCarrot.uasset" 45
"../../../FFCC/Content/BP_Extensions/Items/Food/BP_StrangeLiquid.uasset" 46
"../../../FFCC/Content/BP_Extensions/Items/Food/BP_StripedApple.uasset" 47
"../../../FFCC/Content/BP_Extensions/Items/Food/BP_Wheat.uasset" 48
"../../../Engine/Content/VREditor/LaserPointer/VR_LaserPower_01.uasset" 49
"../../../Engine/Content/VREditor/TransformGizmo/TransformGizmoMaterial.uasset" 50
"../../../Engine/Content/VREditor/LaserPointer/HoverMaterial.uasset" 51
"../../../Engine/Content/Functions/Engine_MaterialFunctions01/Opacity/CameraDepthFade.uasset" 52
"../../../Engine/Content/EngineMaterials/T_Default_Material_Grid_M.uasset" 53
"../../../Engine/Content/EngineMaterials/T_Default_Material_Grid_N.uasset" 54
"../../../Engine/Content/EngineMaterials/DefaultMaterial.uasset" 55
"../../../Engine/Content/EngineMeshes/Cube.uasset" 56
"../../../FFCC/Content/BP_Extensions/Items/Materials/BP_Alloy.uasset" 57
"../../../FFCC/Content/BP_Extensions/Items/Materials/BP_AncientPotion.uasset" 58
"../../../FFCC/Content/BP_Extensions/Items/Materials/BP_AncientSword.uasset" 59
"../../../FFCC/Content/BP_Extensions/Items/Materials/BP_AngelsTear.uasset" 60
"../../../FFCC/Content/BP_Extensions/Items/Materials/BP_BlueSilk.uasset" 61
"../../../FFCC/Content/BP_Extensions/Items/Materials/BP_Bronze.uasset" 62
"../../../FFCC/Content/BP_Extensions/Items/Materials/BP_BronzeShard.uasset" 63
"../../../FFCC/Content/BP_Extensions/Items/Materials/BP_CerberusFang.uasset" 64
"../../../FFCC/Content/BP_Extensions/Items/Materials/BP_ChillyGel.uasset" 65
"../../../FFCC/Content/BP_Extensions/Items/Materials/BP_ChimerasHorn.uasset" 66
"../../../FFCC/Content/BP_Extensions/Items/Materials/BP_CockatriceScale.uasset" 67
"../../../FFCC/Content/BP_Extensions/Items/Materials/BP_CoeurlsWhisker.uasset" 68
"../../../FFCC/Content/BP_Extensions/Items/Materials/BP_CrystalBall.uasset" 69
"../../../FFCC/Content/BP_Extensions/Items/Materials/BP_CursedCrook.uasset" 70
"../../../FFCC/Content/BP_Extensions/Items/Materials/BP_DarkSphere.uasset" 71
"../../../FFCC/Content/BP_Extensions/Items/Materials/BP_DesertFang.uasset" 72
"../../../FFCC/Content/BP_Extensions/Items/Materials/BP_DevilsClaw.uasset" 73
"../../../FFCC/Content/BP_Extensions/Items/Materials/BP_DiamondOre.uasset" 74
"../../../FFCC/Content/BP_Extensions/Items/Materials/BP_DragonFang.uasset" 75
"../../../FFCC/Content/BP_Extensions/Items/Materials/BP_DweomerSpore.uasset" 76
"../../../FFCC/Content/BP_Extensions/Items/Materials/BP_EtherealOrb.uasset" 77
"../../../FFCC/Content/BP_Extensions/Items/Materials/BP_FaeriesTear.uasset" 78
"../../../FFCC/Content/BP_Extensions/Items/Materials/BP_FiendsClaw.uasset" 79
"../../../FFCC/Content/BP_Extensions/Items/Materials/BP_Gear.uasset" 80
"../../../FFCC/Content/BP_Extensions/Items/Materials/BP_GigasClaw.uasset" 81
"../../../FFCC/Content/BP_Extensions/Items/Materials/BP_Gold.uasset" 82
"../../../FFCC/Content/BP_Extensions/Items/Materials/BP_GreenSphere.uasset" 83
"../../../FFCC/Content/BP_Extensions/Items/Materials/BP_GriffinsWing.uasset" 84
"../../../FFCC/Content/BP_Extensions/Items/Materials/BP_HardShell.uasset" 85
"../../../FFCC/Content/BP_Extensions/Items/Materials/BP_HeavenlyDust.uasset" 86
"../../../FFCC/Content/BP_Extensions/Items/Materials/BP_HolyWater.uasset" 87
"../../../FFCC/Content/BP_Extensions/Items/Materials/BP_Iron.uasset" 88
"../../../FFCC/Content/BP_Extensions/Items/Materials/BP_IronShard.uasset" 89
"../../../FFCC/Content/BP_Extensions/Items/Materials/BP_Jade.uasset" 90
"../../../FFCC/Content/BP_Extensions/Items/Materials/BP_JaggedScythe.uasset" 91
"../../../FFCC/Content/BP_Extensions/Items/Materials/BP_KingsScale.uasset" 92
"../../../FFCC/Content/BP_Extensions/Items/Materials/BP_LordsRobe.uasset" 93
"../../../FFCC/Content/BP_Extensions/Items/Materials/BP_MagmaRock.uasset" 94
"../../../FFCC/Content/BP_Extensions/Items/Materials/BP_MalboroSeed.uasset" 95
"../../../FFCC/Content/BP_Extensions/Items/Materials/BP_Mythril.uasset" 96
"../../../FFCC/Content/BP_Extensions/Items/Materials/BP_Needle.uasset" 97
"../../../FFCC/Content/BP_Extensions/Items/Materials/BP_OgreFang.uasset" 98
"../../../FFCC/Content/BP_Extensions/Items/Materials/BP_OrcBelt.uasset" 99
"../../../FFCC/Content/BP_Extensions/Items/Materials/BP_Orichalcum.uasset" 100
"../../../FFCC/Content/BP_Extensions/Items/Materials/BP_PressedFlower.uasset" 101
"../../../FFCC/Content/BP_Extensions/Items/Materials/BP_RedEye.uasset" 102
"../../../FFCC/Content/BP_Extensions/Items/Materials/BP_Remedy.uasset" 103
"../../../FFCC/Content/BP_Extensions/Items/Materials/BP_Ruby.uasset" 104
"../../../FFCC/Content/BP_Extensions/Items/Materials/BP_ShinyShard.uasset" 105
"../../../FFCC/Content/BP_Extensions/Items/Materials/BP_Silver.uasset" 106
"../../../FFCC/Content/BP_Extensions/Items/Materials/BP_Thunderball.uasset" 107
"../../../FFCC/Content/BP_Extensions/Items/Materials/BP_TinyCrystal.uasset" 108
"../../../FFCC/Content/BP_Extensions/Items/Materials/BP_ToadOil.uasset" 109
"../../../FFCC/Content/BP_Extensions/Items/Materials/BP_Ultimite.uasset" 110
"../../../FFCC/Content/BP_Extensions/Items/Materials/BP_WhiteSilk.uasset" 111
"../../../FFCC/Content/BP_Extensions/Items/Materials/BP_WindCrystal.uasset" 112
"../../../FFCC/Content/BP_Extensions/Items/Materials/BP_WormAntenna.uasset" 113
"../../../FFCC/Content/BP_Extensions/Items/Materials/BP_YellowFeather.uasset" 114
"../../../FFCC/Content/BP_Extensions/Items/Materials/BP_ZusBeak.uasset" 115
"../../../FFCC/Content/Textures/heart_50.uasset" 116
"../../../FFCC/Content/GameData/Seeds/FlowerSeed.uasset" 117
"../../../FFCC/Content/BP_Extensions/Items/Seeds/BP_FlowerSeed.uasset" 118
"../../../FFCC/Content/GameData/Seeds/FruitSeed.uasset" 119
"../../../FFCC/Content/BP_Extensions/Items/Seeds/BP_FruitSeed.uasset" 120
"../../../FFCC/Content/GameData/Seeds/StrangeSeed.uasset" 121
"../../../FFCC/Content/BP_Extensions/Items/Seeds/BP_StrangeSeed.uasset" 122
"../../../FFCC/Content/GameData/Seeds/VegetableSeed.uasset" 123
"../../../FFCC/Content/BP_Extensions/Items/Seeds/BP_VegetableSeed.uasset" 124
"../../../FFCC/Content/GameData/Seeds/WheatSeed.uasset" 125
"../../../FFCC/Content/BP_Extensions/Items/Seeds/BP_WheatSeed.uasset" 126
"../../../FFCC/Content/GameData/Food/RainbowGrapes.uasset" 127
"../../../FFCC/Content/GameData/Food/RoundCorn.uasset" 128
"../../../FFCC/Content/GameData/Food/StarCarrot.uasset" 129
"../../../FFCC/Content/GameData/Food/StrangeLiquid.uasset" 130
"../../../FFCC/Content/GameData/Food/StripedApple.uasset" 131
"../../../FFCC/Content/GameData/Food/Wheat.uasset" 132
"../../../FFCC/Content/Geometry/Meshes/1M_Cube_Chamfer.uasset" 133
"../../../FFCC/Content/Mannequin/Animations/ThirdPersonJump_End.uasset" 134
"../../../FFCC/Content/Textures/TestTexture.uasset" 135
"../../../Engine/Content/BasicShapes/Cone.uasset" 136
"../../../Engine/Content/EngineMaterials/WorldGridMaterial.uasset" 137
"../../../Engine/Content/BasicShapes/Cube.uasset" 138
"../../../Engine/Content/BasicShapes/Cylinder.uasset" 139
"../../../Engine/Content/BasicShapes/Plane.uasset" 140
"../../../Engine/Content/BasicShapes/Sphere.uasset" 141
"../../../Engine/Content/EditorLandscapeResources/DataLayer.uasset" 142
"../../../Engine/Content/EditorMaterials/GizmoMaterial.uasset" 143
"../../../Engine/Content/EditorMaterials/MAT_Groups_Toggle.uasset" 144
"../../../Engine/Content/EditorMaterials/MAT_Groups_Visibility.uasset" 145
"../../../Engine/Content/EditorMaterials/PreviewShadowIndicator.uasset" 146
"../../../Engine/Content/EditorMaterials/PreviewShadowIndicatorMaterial.uasset" 147
"../../../Engine/Content/EditorMaterials/AssetViewer/EpicQuadPanorama_CC+EV1.uasset" 148
"../../../Engine/Content/EditorMaterials/MatineeGroups/MAT_ColorTrack.uasset" 149
"../../../Engine/Content/EditorMaterials/MatineeGroups/MAT_Groups_Anim.uasset" 150
"../../../Engine/Content/EditorMaterials/MatineeGroups/MAT_Groups_AudioMaster.uasset" 151
"../../../Engine/Content/EditorMaterials/MatineeGroups/MAT_Groups_Director.uasset" 152
"../../../Engine/Content/EditorMaterials/MatineeGroups/MAT_Groups_Event.uasset" 153
"../../../Engine/Content/EditorMaterials/MatineeGroups/MAT_Groups_Fade.uasset" 154
"../../../Engine/Content/EditorMaterials/MatineeGroups/MAT_Groups_Float.uasset" 155
"../../../Engine/Content/EditorMaterials/MatineeGroups/MAT_Groups_Move.uasset" 156
"../../../Engine/Content/EditorMaterials/MatineeGroups/MAT_Groups_Slomo.uasset" 157
"../../../Engine/Content/EditorMaterials/MatineeGroups/MAT_Groups_Sound.uasset" 158
"../../../Engine/Content/EditorMaterials/MatineeGroups/MAT_Groups_Vector.uasset" 159
"../../../Engine/Content/EditorMaterials/ParticleSystems/PSysThumbnail_NoImage.uasset" 160
"../../../Engine/Content/EditorMaterials/ParticleSystems/PSysThumbnail_OOD.uasset" 161
"../../../Engine/Content/EditorMaterials/Camera/CineMat.uasset" 162
"../../../Engine/Content/EditorMaterials/Camera/MI_CineMat_Rig.uasset" 163
"../../../Engine/Content/EditorMeshes/Camera/SM_CraneRig_Arm.uasset" 164
"../../../Engine/Content/EditorMeshes/Camera/SM_CraneRig_Base.uasset" 165
"../../../Engine/Content/EditorMeshes/Camera/SM_CraneRig_Body.uasset" 166
"../../../Engine/Content/EditorMeshes/Camera/SM_CraneRig_Mount.uasset" 167
"../../../Engine/Content/EditorMeshes/Camera/SM_RailRig_Mount.uasset" 168
"../../../Engine/Content/EditorMeshes/Camera/SM_RailRig_Track.uasset" 169
"../../../Engine/Content/EditorMeshes/ColorCalibrator/M_ChromeBall.uasset" 170
"../../../Engine/Content/EditorMeshes/ColorCalibrator/M_ClearCoat.uasset" 171
"../../../Engine/Content/EditorMeshes/ColorCalibrator/M_ClearCoatBlack.uasset" 172
"../../../Engine/Content/EditorMeshes/ColorCalibrator/T_ColorGrid.uasset" 173
"../../../Engine/Content/EditorMeshes/ColorCalibrator/M_ColorGrid.uasset" 174
"../../../Engine/Content/EditorMeshes/ColorCalibrator/M_GreyBall.uasset" 175
"../../../Engine/Content/EditorMeshes/ColorCalibrator/SM_ColorCalibrator.uasset" 176
"../../../Engine/Content/EditorResources/BSPVertex.uasset" 177
"../../../Engine/Content/EditorResources/EmptyActor.uasset" 178
"../../../Engine/Content/EditorResources/S_Actor.uasset" 179
"../../../Engine/Content/EditorResources/S_Trigger.uasset" 180
"../../../Engine/Content/EditorResources/LightIcons/S_LightError.uasset" 181
"../../../Engine/Content/EditorResources/SequenceRecorder/Countdown.uasset" 182
"../../../Engine/Content/EditorResources/SequenceRecorder/RecordingIndicator.uasset" 183
"../../../Engine/Content/EditorSounds/Notifications/CompileFailed.uasset" 184
"../../../Engine/Content/EditorSounds/Notifications/CompileFailed_Cue.uasset" 185
"../../../Engine/Content/EditorSounds/Notifications/CompileSuccess.uasset" 186
"../../../Engine/Content/EditorSounds/Notifications/CompileStart_Cue.uasset" 187
"../../../Engine/Content/EditorSounds/Notifications/CompileSuccess_Cue.uasset" 188
"../../../Engine/Content/EngineDamageTypes/DmgTypeBP_Environmental.uasset" 189
"../../../Engine/Content/EngineDebugMaterials/ClothMaterial.uasset" 190
"../../../Engine/Content/EngineDebugMaterials/DebugMeshMaterial.uasset" 191
"../../../Engine/Content/EngineDebugMaterials/GeomMaterial.uasset" 192
"../../../Engine/Content/EngineFonts/Faces/RobotoBold.uasset" 193
"../../../Engine/Content/EngineFonts/Faces/RobotoBoldItalic.uasset" 194
"../../../Engine/Content/EngineFonts/Faces/RobotoItalic.uasset" 195
"../../../Engine/Content/EngineFonts/Faces/RobotoLight.uasset" 196
"../../../Engine/Content/EngineFonts/Faces/RobotoRegular.uasset" 197
"../../../Engine/Content/EngineFonts/Roboto.uasset" 198
"../../../Engine/Content/EngineFonts/Faces/RobotoTiny.uasset" 199
"../../../Engine/Content/EngineFonts/RobotoTiny.uasset" 200
"../../../Engine/Content/EngineMaterials/DefaultBloomKernel.uasset" 201
"../../../Engine/Content/EngineMaterials/DefaultBokeh.uasset" 202
"../../../Engine/Content/EngineMaterials/DefaultDiffuse.uasset" 203
"../../../Engine/Content/EngineMaterials/DefaultDeferredDecalMaterial.uasset" 204
"../../../Engine/Content/EngineMaterials/DefaultLightFunctionMaterial.uasset" 205
"../../../Engine/Content/EngineMaterials/DefaultPhysicalMaterial.uasset" 206
"../../../Engine/Content/Functions/Engine_MaterialFunctions02/Utility/BreakOutFloat2Components.uasset" 207
"../../../Engine/Content/EngineMaterials/DefaultPostProcessMaterial.uasset" 208
"../../../Engine/Content/EngineFonts/RobotoDistanceField.uasset" 209
"../../../Engine/Content/EngineMaterials/DefaultTextMaterialOpaque.uasset" 210
"../../../Engine/Content/EngineMaterials/DefaultWhiteGrid.uasset" 211
"../../../Engine/Content/EngineMaterials/EditorBrushMaterial.uasset" 212
"../../../Engine/Content/EngineMaterials/Good64x64TilingNoiseHighFreq.uasset" 213
"../../../Engine/Content/EngineMaterials/MiniFont.uasset" 214
"../../../Engine/Content/EngineMaterials/InvalidLightmapSettings.uasset" 215
"../../../Engine/Content/EngineMaterials/M_InvalidLightmapSettings.uasset" 216
"../../../Engine/Content/EngineMaterials/PhAT_JointLimitMaterial.uasset" 217
"../../../Engine/Content/EngineMaterials/PreintegratedSkinBRDF.uasset" 218
"../../../Engine/Content/EngineMaterials/RemoveSurfaceMaterial.uasset" 219
"../../../Engine/Content/EngineMaterials/WeightMapPlaceholderTexture.uasset" 220
"../../../Engine/Content/EngineResources/WhiteSquareTexture.uasset" 221
"../../../Engine/Content/EngineMaterials/Widget3DPassThrough.uasset" 222
"../../../Engine/Content/EngineMaterials/Widget3DPassThrough_Masked.uasset" 223
"../../../Engine/Content/EngineMaterials/Widget3DPassThrough_Opaque.uasset" 224
"../../../Engine/Content/EngineMaterials/Widget3DPassThrough_Masked_OneSided.uasset" 225
"../../../Engine/Content/EngineMaterials/Widget3DPassThrough_Opaque_OneSided.uasset" 226
"../../../Engine/Content/EngineMaterials/Widget3DPassThrough_Translucent.uasset" 227
"../../../Engine/Content/EngineMaterials/Widget3DPassThrough_Translucent_OneSided.uasset" 228
"../../../Engine/Content/EngineMeshes/Cylinder.uasset" 229
"../../../Engine/Content/EngineMeshes/Sphere.uasset" 230
"../../../Engine/Content/EngineResources/Black.uasset" 231
"../../../Engine/Content/EngineResources/DefaultTexture.uasset" 232
"../../../Engine/Content/EngineResources/DefaultTextureCube.uasset" 233
"../../../Engine/Content/EngineResources/GradientTexture0.uasset" 234
"../../../Engine/Content/EngineSounds/Master.uasset" 235
"../../../Engine/Content/Functions/Engine_MaterialFunctions01/Shading/ConvertFromDiffSpec.uasset" 236
"../../../Engine/Content/Functions/Engine_MaterialFunctions01/Shading/PowerToRoughness.uasset" 237
"../../../Engine/Content/Maps/Templates/Thumbnails/Default.uasset" 238
"../../../Engine/Content/Maps/Templates/Thumbnails/VR-Basic.uasset" 239
"../../../Engine/Content/MobileResources/T_MobileControls_texture.uasset" 240
"../../../Engine/Content/MobileResources/T_MobileMenu2.uasset" 241
"../../../Engine/Content/MobileResources/HUD/AnalogHat.uasset" 242
"../../../Engine/Content/MobileResources/HUD/VirtualJoystick_Background.uasset" 243
"../../../Engine/Content/MobileResources/HUD/VirtualJoystick_Thumb.uasset" 244
"../../../Engine/Content/MobileResources/HUD/DefaultVirtualJoysticks.uasset" 245
"../../../Engine/Content/MobileResources/HUD/LeftVirtualJoystickOnly.uasset" 246
"../../../Engine/Content/MobileResources/HUD/MobileHUDButton1_off.uasset" 247
"../../../Engine/Content/MobileResources/HUD/MobileHUDButton1_on.uasset" 248
"../../../Engine/Content/MobileResources/HUD/MobileHUDButton2_off.uasset" 249
"../../../Engine/Content/MobileResources/HUD/MobileHUDButton2_on.uasset" 250
"../../../Engine/Content/MobileResources/HUD/MobileHUDButton3.uasset" 251
"../../../Engine/Content/MobileResources/HUD/MobileHUDButtonFire.uasset" 252
"../../../Engine/Content/MobileResources/HUD/MobileHUDDirectionPad.uasset" 253
"../../../Engine/Content/MobileResources/HUD/MobileHUDDirectionPad2.uasset" 254
"../../../Engine/Content/MobileResources/HUD/MobileHUDDirectionPad3.uasset" 255
"../../../Engine/Content/MobileResources/HUD/MobileHUDDirectionStick.uasset" 256
"../../../Engine/Content/MobileResources/HUD/T_Castle_ThumbstickInner.uasset" 257
"../../../Engine/Content/MobileResources/HUD/T_Castle_ThumbstickOutter.uasset" 258
"../../../Engine/Content/Tutorial/ContentIntroCurve.uasset" 259
"../../../Engine/Content/Tutorial/Basics/TutorialAssets/icon_tab_Levels_40x.uasset" 260
"../../../Engine/Content/Tutorial/BlueprintTutorials/TutorialAssets/BlueprintInterface_64x.uasset" 261
"../../../Engine/Content/Tutorial/BlueprintTutorials/TutorialAssets/BlueprintMacroLibrary_64x.uasset" 262
"../../../Engine/Content/Tutorial/BlueprintTutorials/TutorialAssets/Blueprint_64x.uasset" 263
"../../../Engine/Content/Tutorial/BlueprintTutorials/TutorialAssets/Tutorial_BP_Interface.uasset" 264
"../../../Engine/Content/Tutorial/Foliage/TutorialAssets/Foliage.uasset" 265
"../../../Engine/Content/Tutorial/Landscape/TutorialAssets/Landscape.uasset" 266
"../../../Engine/Content/Tutorial/Paper2D/TutorialAssets/Paper2DFlipbook_TutorialIcon.uasset" 267
"../../../Engine/Content/Tutorial/Paper2D/TutorialAssets/Paper2DSprite_TutorialIcon.uasset" 268
"../../../Engine/Content/Tutorial/SubEditors/TutorialAssets/icon_Editor_Preferences_General_40x.uasset" 269
"../../../Engine/Content/Tutorial/SubEditors/TutorialAssets/icon_ShowSkeletalMeshes_40x.uasset" 270
"../../../Engine/Content/Tutorial/SubEditors/TutorialAssets/TutorialMaterial.uasset" 271
"../../../Engine/Content/Tutorial/SubEditors/TutorialAssets/T_SmokeSubUV_8X8.uasset" 272
"../../../Engine/Content/Tutorial/SubEditors/TutorialAssets/T_soft_smoke.uasset" 273
"../../../Engine/Content/Tutorial/SubEditors/TutorialAssets/M_smoke_subUV_blackbody.uasset" 274
"../../../Engine/Content/Tutorial/SubEditors/TutorialAssets/TutorialParticleSystem.uasset" 275
"../../../Engine/Content/EditorMeshes/EditorCube.uasset" 276
"../../../Engine/Content/Tutorial/SubEditors/TutorialAssets/Tutorial_DM.uasset" 277
"../../../Engine/Content/VREditor/Devices/Generic/GenericHMDMaterial.uasset" 278
"../../../Engine/Content/VREditor/Devices/Generic/GenericHMD.uasset" 279
"../../../Engine/Content/VREditor/FloatingText/LineMaterial.uasset" 280
"../../../Engine/Content/VREditor/FloatingText/JointSphere.uasset" 281
"../../../Engine/Content/VREditor/FloatingText/LineSegmentCylinder.uasset" 282
"../../../Engine/Content/VREditor/Fonts/VRText_RobotoLarge.uasset" 283
"../../../Engine/Content/VREditor/Fonts/VRTextMaterial.uasset" 284
"../../../Engine/Content/VREditor/Fonts/TranslucentVRTextMaterial.uasset" 285
"../../../Engine/Content/VREditor/TransformGizmo/TranslucentTransformGizmoMaterial.uasset" 286
"../../../Engine/Content/VREditor/LaserPointer/TranslucentHoverMaterial.uasset" 287
"../../../Engine/Content/VREditor/LaserPointer/HoverMesh.uasset" 288
"../../../Engine/Content/VREditor/LaserPointer/LaserPointerMaterial.uasset" 289
"../../../Engine/Content/VREditor/LaserPointer/LaserPointerMaterialInst.uasset" 290
"../../../Engine/Content/VREditor/LaserPointer/TranslucentLaserPointerMaterialInst.uasset" 291
"../../../Engine/Content/VREditor/LaserPointer/LaserPointerMesh.uasset" 292
"../../../Engine/Content/VREditor/LaserPointer/LaserPointerMesh_End.uasset" 293
"../../../Engine/Content/VREditor/LaserPointer/LaserPointerMesh_Start.uasset" 294
"../../../Engine/Content/Functions/Engine_MaterialFunctions02/Utility/BreakOutFloat3Components.uasset" 295
"../../../Engine/Content/Functions/Engine_MaterialFunctions02/Math/Transform3x3Matrix.uasset" 296
"../../../Engine/Content/Functions/Engine_MaterialFunctions02/SplitComponents.uasset" 297
"../../../Engine/Content/Functions/Engine_MaterialFunctions02/Utility/MakeFloat3.uasset" 298
"../../../Engine/Content/VREditor/SnapGrid/SnapGridMaterial.uasset" 299
"../../../Engine/Content/VREditor/SnapGrid/SnapGridPlaneMesh.uasset" 300
"../../../Engine/Content/VREditor/Sounds/VR_teleport_Cue.uasset" 301
"../../../Engine/Content/VREditor/Sounds/UI/Click_on_Button_Cue.uasset" 302
"../../../Engine/Content/VREditor/Sounds/UI/Dockable_Window_Close.uasset" 303
"../../../Engine/Content/VREditor/Sounds/UI/Dockable_Window_Drop.uasset" 304
"../../../Engine/Content/VREditor/Sounds/UI/Dockable_Window_Open.uasset" 305
"../../../Engine/Content/VREditor/Sounds/UI/Dockable_Window_Pick_Up.uasset" 306
"../../../Engine/Content/VREditor/Sounds/UI/Drop_Item_From_ContentBrowser.uasset" 307
"../../../Engine/Content/VREditor/Sounds/UI/Floating_UI_Open-001.uasset" 308
"../../../Engine/Content/VREditor/Sounds/UI/Gizmo_Handle_Clicked.uasset" 309
"../../../Engine/Content/VREditor/Sounds/UI/Object_PickUp.uasset" 310
"../../../Engine/Content/VREditor/Sounds/UI/Object_Snaps_To_Another_Actor.uasset" 311
"../../../Engine/Content/VREditor/Sounds/UI/Object_Snaps_To_Grid.uasset" 312
"../../../Engine/Content/VREditor/Sounds/UI/Radial_Menu_FadeOut.uasset" 313
"../../../Engine/Content/VREditor/Sounds/UI/Scaling_Down.uasset" 314
"../../../Engine/Content/VREditor/Sounds/UI/Scaling_Up.uasset" 315
"../../../Engine/Content/VREditor/Sounds/UI/Selection_Changes.uasset" 316
"../../../Engine/Content/VREditor/Sounds/UI/Teleport_Mode_Entered.uasset" 317
"../../../Engine/Content/VREditor/Teleport/TeleportDirectionMaterial.uasset" 318
"../../../Engine/Content/VREditor/Teleport/TeleportDirectionMaterial_Inst.uasset" 319
"../../../Engine/Content/VREditor/Teleport/TeleportDirectionMesh.uasset" 320
"../../../Engine/Content/VREditor/TransformGizmo/BoundingBoxCorner.uasset" 321
"../../../Engine/Content/VREditor/TransformGizmo/BoundingBoxEdge.uasset" 322
"../../../Engine/Content/VREditor/TransformGizmo/PlaneTranslationHandle.uasset" 323
"../../../Engine/Content/VREditor/TransformGizmo/RotationHandle.uasset" 324
"../../../Engine/Content/VREditor/TransformGizmo/RotationHandleFull.uasset" 325
"../../../Engine/Content/VREditor/TransformGizmo/RotationHandleIndicator.uasset" 326
"../../../Engine/Content/VREditor/TransformGizmo/RotationHandleQuarter.uasset" 327
"../../../Engine/Content/VREditor/TransformGizmo/Main.uasset" 328
"../../../Engine/Content/VREditor/TransformGizmo/Xray.uasset" 329
"../../../Engine/Content/VREditor/TransformGizmo/SM_Dialog_Close.uasset" 330
"../../../Engine/Content/VREditor/TransformGizmo/SM_Dialog_Move.uasset" 331
"../../../Engine/Content/VREditor/TransformGizmo/SM_Sequencer_Key.uasset" 332
"../../../Engine/Content/VREditor/TransformGizmo/StartRotationHandleIndicator.uasset" 333
"../../../Engine/Content/VREditor/TransformGizmo/TransformGizmoMaterial_Inst.uasset" 334
"../../../Engine/Content/VREditor/TransformGizmo/TranslateArrowHandle.uasset" 335
"../../../Engine/Content/VREditor/TransformGizmo/TranslationHandle.uasset" 336
"../../../Engine/Content/VREditor/TransformGizmo/TranslucentTransformGizmoMaterial_Inst.uasset" 337
"../../../Engine/Content/VREditor/TransformGizmo/UniformScaleHandle.uasset" 338
"../../../Engine/Content/VREditor/UI/KeyDiskMaterial.uasset" 339
"../../../Engine/Content/VREditor/UI/DiscMaterial.uasset" 340
"../../../Engine/Content/VREditor/UI/SM_Radial_Disk.uasset" 341
"../../../Engine/Content/Functions/Engine_MaterialFunctions01/Gradient/RadialGradient.uasset" 342
"../../../Engine/Content/VREditor/WorldMovementGrid/SimpleGrid.uasset" 343
"../../../Engine/Content/VREditor/WorldMovementGrid/GridMaterial.uasset" 344
"../../../Engine/Content/Functions/Engine_MaterialFunctions01/Density/ExponentialDensity.uasset" 345
"../../../Engine/Content/VREditor/WorldMovementGrid/GridPostProcess.uasset" 346
"../../../Engine/Content/EditorLandscapeResources/FlattenHeightMat.uasset" 347
"../../../Engine/Content/VREditor/WorldMovementGrid/PlaneMesh.uasset" 348
"../../../Engine/Plugins/2D/Paper2D/Content/DummySprite.uasset" 349
"../../../Engine/Plugins/2D/Paper2D/Content/DefaultPaperTerrainMaterial.uasset" 350
"../../../Engine/Plugins/2D/Paper2D/Content/DefaultSpriteMaterial.uasset" 351
"../../../Engine/Plugins/2D/Paper2D/Content/MaskedUnlitSpriteMaterial.uasset" 352
"../../../Engine/Plugins/2D/Paper2D/Content/OpaqueUnlitSpriteMaterial.uasset" 353
"../../../Engine/Plugins/2D/Paper2D/Content/PlaceholderTextures/DummySpriteTexture.uasset" 354
"../../../Engine/Plugins/Runtime/GearVR/Content/Textures/GearVRController_AO.uasset" 355
"../../../Engine/Plugins/Runtime/GearVR/Content/Textures/GearVRController_Color.uasset" 356
"../../../Engine/Plugins/Runtime/GearVR/Content/Textures/GearVRController_Normal.uasset" 357
"../../../Engine/Plugins/Runtime/GearVR/Content/Materials/GearVRControllerMaterial.uasset" 358
"../../../Engine/Plugins/Runtime/GearVR/Content/Meshes/GearVrController.uasset" 359
"../../../Engine/Content/EngineSky/C_Sky_Cloud_Color.uasset" 360
"../../../Engine/Content/EngineSky/C_Sky_Horizon_Color.uasset" 361
"../../../Engine/Content/EngineSky/C_Sky_Zenith_Color.uasset" 362
"../../../Engine/Content/EngineSky/T_Sky_Blue.uasset" 363
"../../../Engine/Content/EngineSky/T_Sky_Clouds_M.uasset" 364
"../../../Engine/Content/EngineSky/T_Sky_Stars.uasset" 365
"../../../Engine/Content/EngineSky/M_Sky_Panning_Clouds2.uasset" 366
"../../../Engine/Content/EngineSky/SM_SkySphere.uasset" 367
"../../../Engine/Content/EngineSky/BP_Sky_Sphere.uasset" 368
"../../../FFCC/Content/BP_Extensions/Camera/BP_CameraFollow.uasset" 369
"../../../FFCC/Content/Geometry/Meshes/TemplateFloor.uasset" 370
"../../../FFCC/Content/Maps/Holly_Test.umap" 371
"../../../FFCC/Content/Maps/Init.umap" 372
"../../../Engine/Content/Tutorial/SubEditors/TutorialAssets/Character/TutorialTPP_Skeleton.uasset" 373
"../../../Engine/Content/Tutorial/SubEditors/TutorialAssets/Character/Tutorial_Idle.uasset" 374
"../../../Engine/Content/Tutorial/SubEditors/TutorialAssets/Character/Tutorial_Walk_Fwd.uasset" 375
"../../../Engine/Content/Tutorial/SubEditors/TutorialAssets/Character/NewBlendSpace1D.uasset" 376
"../../../Engine/Content/Tutorial/SubEditors/TutorialAssets/Character/TutorialTPP_Mat.uasset" 377
"../../../Engine/Content/Tutorial/SubEditors/TutorialAssets/Character/TutorialTPP_PhysicsAsset.uasset" 378
"../../../Engine/Content/Tutorial/SubEditors/TutorialAssets/Character/TutorialTPP.uasset" 379
"../../../Engine/Content/Tutorial/SubEditors/TutorialAssets/Character/TutorialCharacter.uasset" 380
"../../../Engine/Content/Tutorial/SubEditors/TutorialAssets/Character/TutorialTPP_AnimBlueprint.uasset" 381
"../../../FFCC/Content/GameData/Food/BannockBread.uasset" 382
"../../../FFCC/Content/GameData/Food/CherryCluster.uasset" 383
"../../../FFCC/Content/GameData/Food/Fish.uasset" 384
"../../../FFCC/Content/GameData/Food/Flour.uasset" 385
"../../../FFCC/Content/GameData/Food/Meat.uasset" 386
"../../../FFCC/Content/GameData/Food/Milk.uasset" 387
"../../../FFCC/Content/GameData/Food/SpringWater.uasset" 388
"../../../FFCC/Content/GameData/Shop/MerchData.uasset" 389
"../../../FFCC/Content/GameData/MerchDialogue.uasset" 390
"../../../FFCC/Content/BP_Extensions/NPC/BP_NPCMerchant.uasset" 391
"../../../Engine/Content/EngineDebugMaterials/HeatmapGradient.uasset" 392
"../../../Engine/Content/EngineDebugMaterials/BoneWeightMaterial.uasset" 393
"../../../FFCC/Content/BP_Extensions/Items/Seeds/BPPFlowerSeed.uasset" 394
"../../../FFCC/Content/Maps/Test_BuiltData.uasset" 395
"../../../Engine/Content/ArtTools/RenderToTexture/Textures/127grey.uasset" 396
"../../../FFCC/Content/Textures/heart.uasset" 397
"../../../FFCC/Content/UMG/Test_Chat.uasset" 398
"../../../FFCC/Content/Maps/Test.umap" 399
"../../../Engine/Content/Maps/Entry.umap" 400
